<?xml version="1.0" encoding="UTF-8"?>
<testsuite xmlns:xsi="http://www.w3.org/2001/XMLSchema-instance" xsi:noNamespaceSchemaLocation="https://maven.apache.org/surefire/maven-surefire-plugin/xsd/surefire-test-report-3.0.xsd" version="3.0" name="com.nagarro.user.DemoAppApplicationTests" time="3.622" tests="1" errors="0" skipped="0" failures="0">
  <properties>
[...]
</properties>
  <testcase name="contextLoads" classname="com.nagarro.user.DemoAppApplicationTests" time="1.16">
    <system-out><![CDATA[01:01:58.040 [main] INFO org.springframework.test.context.support.AnnotationConfigContextLoaderUtils -- Could not detect default configuration classes for test class [com.nagarro.user.DemoAppApplicationTests]: DemoAppApplicationTests does not declare any static, non-private, non-final, nested classes annotated with @Configuration.
01:01:58.195 [main] INFO org.springframework.boot.test.context.SpringBootTestContextBootstrapper -- Found @SpringBootConfiguration com.nagarro.user.DemoAppApplication for test class com.nagarro.user.DemoAppApplicationTests

  .   ____          _            __ _ _
 /\\ / ___'_ __ _ _(_)_ __  __ _ \ \ \ \
( ( )\___ | '_ | '_| | '_ \/ _` | \ \ \ \
 \\/  ___)| |_)| | | | | || (_| |  ) ) ) )
  '  |____| .__|_| |_|_| |_\__, | / / / /
 =========|_|==============|___/=/_/_/_/
 :: Spring Boot ::                (v3.1.0)

2023-06-07T01:01:58.718+05:30  INFO 13008 --- [           main] c.nagarro.user.DemoAppApplicationTests   : Starting DemoAppApplicationTests using Java 17.0.4.1 with PID 13008 (started by avinashkumar06 in C:\Users\avinashkumar06\avinash-kumar\DemoApp)
2023-06-07T01:01:58.720+05:30  INFO 13008 --- [           main] c.nagarro.user.DemoAppApplicationTests   : No active profile set, falling back to 1 default profile: "default"
2023-06-07T01:02:00.270+05:30  INFO 13008 --- [           main] c.nagarro.user.DemoAppApplicationTests   : Started DemoAppApplicationTests in 1.913 seconds (process running for 3.674)
]]></system-out>
  </testcase>
</testsuite>>